  Ray_tracing_test.cpp
C:\Users\arozen\Desktop\synthese d'image 3D\Synthese_d_image_3D\Ray-tracing_saison2_3\Ray_tracing_test\Ray_tracing_test\Ray_tracing_test.cpp(101,21): error C2065: 'BVHNode' : identificateur non déclaré
C:\Users\arozen\Desktop\synthese d'image 3D\Synthese_d_image_3D\Ray-tracing_saison2_3\Ray_tracing_test\Ray_tracing_test\Ray_tracing_test.cpp(101,10): error C2923: std::unique_ptr' : 'BVHNode' n'est pas un argument de type modèle valide pour le paramètre '_Ty'.
C:\Users\arozen\Desktop\synthese d'image 3D\Synthese_d_image_3D\Ray-tracing_saison2_3\Ray_tracing_test\Ray_tracing_test\Ray_tracing_test.cpp(101,10): error C2976: 'std::unique_ptr' : nombre d'arguments modèle insuffisant
C:\Users\arozen\Desktop\synthese d'image 3D\Synthese_d_image_3D\Ray-tracing_saison2_3\Ray_tracing_test\Ray_tracing_test\Ray_tracing_test.cpp(101,30): error C2955: 'std::unique_ptr' : l'utilisation de classe modèle requiert une liste d'arguments modèle
C:\Users\arozen\Desktop\synthese d'image 3D\Synthese_d_image_3D\Ray-tracing_saison2_3\Ray_tracing_test\Ray_tracing_test\Ray_tracing_test.cpp(103,10): error C2512: 'std::unique_ptr' : aucun constructeur par défaut approprié disponible
C:\Users\arozen\Desktop\synthese d'image 3D\Synthese_d_image_3D\Ray-tracing_saison2_3\Ray_tracing_test\Ray_tracing_test\Ray_tracing_test.cpp(104,20): error C3861: 'construct_bvh' : identificateur introuvable
C:\Users\arozen\Desktop\synthese d'image 3D\Synthese_d_image_3D\Ray-tracing_saison2_3\Ray_tracing_test\Ray_tracing_test\Ray_tracing_test.cpp(104,9): error C2678: '=' binaire : aucun opérateur trouvé qui accepte un opérande de partie gauche de type 'std::unique_ptr' (ou il n'existe pas de conversion acceptable)
C:\Users\arozen\Desktop\synthese d'image 3D\Synthese_d_image_3D\Ray-tracing_saison2_3\Ray_tracing_test\Ray_tracing_test\Ray_tracing_test.cpp(104,18): error C2582: 'operator =' fonction non disponible dans 'std::unique_ptr'
C:\Users\arozen\Desktop\synthese d'image 3D\Synthese_d_image_3D\Ray-tracing_saison2_3\Ray_tracing_test\Ray_tracing_test\Ray_tracing_test.cpp(108,16): error C2678: '->' binaire : aucun opérateur trouvé qui accepte un opérande de partie gauche de type 'const std::unique_ptr' (ou il n'existe pas de conversion acceptable)
C:\Users\arozen\Desktop\synthese d'image 3D\Synthese_d_image_3D\Ray-tracing_saison2_3\Ray_tracing_test\Ray_tracing_test\Ray_tracing_test.cpp(108,26): error C2039: 'intersect' n'est pas membre de 'std::unique_ptr'
